TN:verilator_coverage
SF:/home/wallo/Documents/Designs/pm32/pm32.v
DA:9,158
DA:10,2
DA:11,2
DA:12,0
DA:13,0
DA:14,1
DA:15,1
DA:16,0
DA:18,2
DA:19,0
DA:20,0
DA:21,1
DA:25,80
DA:26,2
DA:27,2
DA:29,78
DA:31,1
DA:32,1
DA:33,1
DA:34,5
DA:35,59
DA:36,0
DA:39,79
DA:40,79
DA:42,1
DA:43,1
DA:44,16
DA:45,325
DA:46,59
DA:47,0
DA:50,80
DA:51,2
DA:52,2
DA:53,1
DA:54,1
DA:55,12
DA:56,65
DA:58,80
DA:59,2
DA:60,2
DA:61,1
DA:62,1
DA:63,12
DA:64,65
DA:66,2
end_of_record
SF:/home/wallo/Documents/Designs/pm32/spm.v
DA:15,158
DA:16,2
DA:17,2
DA:18,0
DA:19,2
DA:21,0
DA:22,0
DA:41,4898
DA:42,62
DA:43,2
DA:44,8
DA:45,10
DA:48,0
DA:51,0
DA:55,0
DA:59,2480
DA:60,62
DA:61,62
DA:62,62
DA:64,2418
DA:65,2418
DA:66,2418
DA:73,158
DA:74,2
DA:75,0
DA:76,0
DA:79,0
DA:81,80
DA:82,2
DA:83,2
DA:84,2
DA:86,78
DA:87,78
DA:88,78
end_of_record
